Determining if the include file malloc/malloc.h exists failed with the following output:
Change Dir: /home/liuweijie/elf-respect/llvm/build/CMakeFiles/CMakeTmp

Run Build Command:"/usr/bin/make" "cmTC_82ad9/fast"
/usr/bin/make -f CMakeFiles/cmTC_82ad9.dir/build.make CMakeFiles/cmTC_82ad9.dir/build
make[1]: Entering directory '/home/liuweijie/elf-respect/llvm/build/CMakeFiles/CMakeTmp'
Building C object CMakeFiles/cmTC_82ad9.dir/CheckIncludeFile.c.o
/usr/bin/cc    -o CMakeFiles/cmTC_82ad9.dir/CheckIncludeFile.c.o   -c /home/liuweijie/elf-respect/llvm/build/CMakeFiles/CMakeTmp/CheckIncludeFile.c
/home/liuweijie/elf-respect/llvm/build/CMakeFiles/CMakeTmp/CheckIncludeFile.c:1:10: fatal error: malloc/malloc.h: No such file or directory
 #include <malloc/malloc.h>
          ^~~~~~~~~~~~~~~~~
compilation terminated.
CMakeFiles/cmTC_82ad9.dir/build.make:65: recipe for target 'CMakeFiles/cmTC_82ad9.dir/CheckIncludeFile.c.o' failed
make[1]: *** [CMakeFiles/cmTC_82ad9.dir/CheckIncludeFile.c.o] Error 1
make[1]: Leaving directory '/home/liuweijie/elf-respect/llvm/build/CMakeFiles/CMakeTmp'
Makefile:126: recipe for target 'cmTC_82ad9/fast' failed
make: *** [cmTC_82ad9/fast] Error 2


Determining if the include file ndir.h exists failed with the following output:
Change Dir: /home/liuweijie/elf-respect/llvm/build/CMakeFiles/CMakeTmp

Run Build Command:"/usr/bin/make" "cmTC_45e61/fast"
/usr/bin/make -f CMakeFiles/cmTC_45e61.dir/build.make CMakeFiles/cmTC_45e61.dir/build
make[1]: Entering directory '/home/liuweijie/elf-respect/llvm/build/CMakeFiles/CMakeTmp'
Building C object CMakeFiles/cmTC_45e61.dir/CheckIncludeFile.c.o
/usr/bin/cc    -o CMakeFiles/cmTC_45e61.dir/CheckIncludeFile.c.o   -c /home/liuweijie/elf-respect/llvm/build/CMakeFiles/CMakeTmp/CheckIncludeFile.c
/home/liuweijie/elf-respect/llvm/build/CMakeFiles/CMakeTmp/CheckIncludeFile.c:1:10: fatal error: ndir.h: No such file or directory
 #include <ndir.h>
          ^~~~~~~~
compilation terminated.
CMakeFiles/cmTC_45e61.dir/build.make:65: recipe for target 'CMakeFiles/cmTC_45e61.dir/CheckIncludeFile.c.o' failed
make[1]: *** [CMakeFiles/cmTC_45e61.dir/CheckIncludeFile.c.o] Error 1
make[1]: Leaving directory '/home/liuweijie/elf-respect/llvm/build/CMakeFiles/CMakeTmp'
Makefile:126: recipe for target 'cmTC_45e61/fast' failed
make: *** [cmTC_45e61/fast] Error 2


Determining if the include file sys/ndir.h exists failed with the following output:
Change Dir: /home/liuweijie/elf-respect/llvm/build/CMakeFiles/CMakeTmp

Run Build Command:"/usr/bin/make" "cmTC_da785/fast"
/usr/bin/make -f CMakeFiles/cmTC_da785.dir/build.make CMakeFiles/cmTC_da785.dir/build
make[1]: Entering directory '/home/liuweijie/elf-respect/llvm/build/CMakeFiles/CMakeTmp'
Building C object CMakeFiles/cmTC_da785.dir/CheckIncludeFile.c.o
/usr/bin/cc    -o CMakeFiles/cmTC_da785.dir/CheckIncludeFile.c.o   -c /home/liuweijie/elf-respect/llvm/build/CMakeFiles/CMakeTmp/CheckIncludeFile.c
/home/liuweijie/elf-respect/llvm/build/CMakeFiles/CMakeTmp/CheckIncludeFile.c:1:10: fatal error: sys/ndir.h: No such file or directory
 #include <sys/ndir.h>
          ^~~~~~~~~~~~
compilation terminated.
CMakeFiles/cmTC_da785.dir/build.make:65: recipe for target 'CMakeFiles/cmTC_da785.dir/CheckIncludeFile.c.o' failed
make[1]: *** [CMakeFiles/cmTC_da785.dir/CheckIncludeFile.c.o] Error 1
make[1]: Leaving directory '/home/liuweijie/elf-respect/llvm/build/CMakeFiles/CMakeTmp'
Makefile:126: recipe for target 'cmTC_da785/fast' failed
make: *** [cmTC_da785/fast] Error 2


Determining if the include file valgrind/valgrind.h exists failed with the following output:
Change Dir: /home/liuweijie/elf-respect/llvm/build/CMakeFiles/CMakeTmp

Run Build Command:"/usr/bin/make" "cmTC_c81d2/fast"
/usr/bin/make -f CMakeFiles/cmTC_c81d2.dir/build.make CMakeFiles/cmTC_c81d2.dir/build
make[1]: Entering directory '/home/liuweijie/elf-respect/llvm/build/CMakeFiles/CMakeTmp'
Building C object CMakeFiles/cmTC_c81d2.dir/CheckIncludeFile.c.o
/usr/bin/cc    -o CMakeFiles/cmTC_c81d2.dir/CheckIncludeFile.c.o   -c /home/liuweijie/elf-respect/llvm/build/CMakeFiles/CMakeTmp/CheckIncludeFile.c
/home/liuweijie/elf-respect/llvm/build/CMakeFiles/CMakeTmp/CheckIncludeFile.c:1:10: fatal error: valgrind/valgrind.h: No such file or directory
 #include <valgrind/valgrind.h>
          ^~~~~~~~~~~~~~~~~~~~~
compilation terminated.
CMakeFiles/cmTC_c81d2.dir/build.make:65: recipe for target 'CMakeFiles/cmTC_c81d2.dir/CheckIncludeFile.c.o' failed
make[1]: *** [CMakeFiles/cmTC_c81d2.dir/CheckIncludeFile.c.o] Error 1
make[1]: Leaving directory '/home/liuweijie/elf-respect/llvm/build/CMakeFiles/CMakeTmp'
Makefile:126: recipe for target 'cmTC_c81d2/fast' failed
make: *** [cmTC_c81d2/fast] Error 2


Determining if the include file mach/mach.h exists failed with the following output:
Change Dir: /home/liuweijie/elf-respect/llvm/build/CMakeFiles/CMakeTmp

Run Build Command:"/usr/bin/make" "cmTC_9691d/fast"
/usr/bin/make -f CMakeFiles/cmTC_9691d.dir/build.make CMakeFiles/cmTC_9691d.dir/build
make[1]: Entering directory '/home/liuweijie/elf-respect/llvm/build/CMakeFiles/CMakeTmp'
Building C object CMakeFiles/cmTC_9691d.dir/CheckIncludeFile.c.o
/usr/bin/cc    -o CMakeFiles/cmTC_9691d.dir/CheckIncludeFile.c.o   -c /home/liuweijie/elf-respect/llvm/build/CMakeFiles/CMakeTmp/CheckIncludeFile.c
/home/liuweijie/elf-respect/llvm/build/CMakeFiles/CMakeTmp/CheckIncludeFile.c:1:10: fatal error: mach/mach.h: No such file or directory
 #include <mach/mach.h>
          ^~~~~~~~~~~~~
compilation terminated.
CMakeFiles/cmTC_9691d.dir/build.make:65: recipe for target 'CMakeFiles/cmTC_9691d.dir/CheckIncludeFile.c.o' failed
make[1]: *** [CMakeFiles/cmTC_9691d.dir/CheckIncludeFile.c.o] Error 1
make[1]: Leaving directory '/home/liuweijie/elf-respect/llvm/build/CMakeFiles/CMakeTmp'
Makefile:126: recipe for target 'cmTC_9691d/fast' failed
make: *** [cmTC_9691d/fast] Error 2


Determining if the include file histedit.h exists failed with the following output:
Change Dir: /home/liuweijie/elf-respect/llvm/build/CMakeFiles/CMakeTmp

Run Build Command:"/usr/bin/make" "cmTC_e40ee/fast"
/usr/bin/make -f CMakeFiles/cmTC_e40ee.dir/build.make CMakeFiles/cmTC_e40ee.dir/build
make[1]: Entering directory '/home/liuweijie/elf-respect/llvm/build/CMakeFiles/CMakeTmp'
Building C object CMakeFiles/cmTC_e40ee.dir/CheckIncludeFile.c.o
/usr/bin/cc    -o CMakeFiles/cmTC_e40ee.dir/CheckIncludeFile.c.o   -c /home/liuweijie/elf-respect/llvm/build/CMakeFiles/CMakeTmp/CheckIncludeFile.c
/home/liuweijie/elf-respect/llvm/build/CMakeFiles/CMakeTmp/CheckIncludeFile.c:1:10: fatal error: histedit.h: No such file or directory
 #include <histedit.h>
          ^~~~~~~~~~~~
compilation terminated.
CMakeFiles/cmTC_e40ee.dir/build.make:65: recipe for target 'CMakeFiles/cmTC_e40ee.dir/CheckIncludeFile.c.o' failed
make[1]: *** [CMakeFiles/cmTC_e40ee.dir/CheckIncludeFile.c.o] Error 1
make[1]: Leaving directory '/home/liuweijie/elf-respect/llvm/build/CMakeFiles/CMakeTmp'
Makefile:126: recipe for target 'cmTC_e40ee/fast' failed
make: *** [cmTC_e40ee/fast] Error 2


Determining if the include file CrashReporterClient.h exists failed with the following output:
Change Dir: /home/liuweijie/elf-respect/llvm/build/CMakeFiles/CMakeTmp

Run Build Command:"/usr/bin/make" "cmTC_18708/fast"
/usr/bin/make -f CMakeFiles/cmTC_18708.dir/build.make CMakeFiles/cmTC_18708.dir/build
make[1]: Entering directory '/home/liuweijie/elf-respect/llvm/build/CMakeFiles/CMakeTmp'
Building C object CMakeFiles/cmTC_18708.dir/CheckIncludeFile.c.o
/usr/bin/cc    -o CMakeFiles/cmTC_18708.dir/CheckIncludeFile.c.o   -c /home/liuweijie/elf-respect/llvm/build/CMakeFiles/CMakeTmp/CheckIncludeFile.c
/home/liuweijie/elf-respect/llvm/build/CMakeFiles/CMakeTmp/CheckIncludeFile.c:1:10: fatal error: CrashReporterClient.h: No such file or directory
 #include <CrashReporterClient.h>
          ^~~~~~~~~~~~~~~~~~~~~~~
compilation terminated.
CMakeFiles/cmTC_18708.dir/build.make:65: recipe for target 'CMakeFiles/cmTC_18708.dir/CheckIncludeFile.c.o' failed
make[1]: *** [CMakeFiles/cmTC_18708.dir/CheckIncludeFile.c.o] Error 1
make[1]: Leaving directory '/home/liuweijie/elf-respect/llvm/build/CMakeFiles/CMakeTmp'
Makefile:126: recipe for target 'cmTC_18708/fast' failed
make: *** [cmTC_18708/fast] Error 2


Determining if the pthread_create exist failed with the following output:
Change Dir: /home/liuweijie/elf-respect/llvm/build/CMakeFiles/CMakeTmp

Run Build Command:"/usr/bin/make" "cmTC_4a573/fast"
/usr/bin/make -f CMakeFiles/cmTC_4a573.dir/build.make CMakeFiles/cmTC_4a573.dir/build
make[1]: Entering directory '/home/liuweijie/elf-respect/llvm/build/CMakeFiles/CMakeTmp'
Building C object CMakeFiles/cmTC_4a573.dir/CheckSymbolExists.c.o
/usr/bin/cc    -o CMakeFiles/cmTC_4a573.dir/CheckSymbolExists.c.o   -c /home/liuweijie/elf-respect/llvm/build/CMakeFiles/CMakeTmp/CheckSymbolExists.c
Linking C executable cmTC_4a573
/usr/bin/cmake -E cmake_link_script CMakeFiles/cmTC_4a573.dir/link.txt --verbose=1
/usr/bin/cc      CMakeFiles/cmTC_4a573.dir/CheckSymbolExists.c.o  -o cmTC_4a573 -lm 
CMakeFiles/cmTC_4a573.dir/CheckSymbolExists.c.o: In function `main':
CheckSymbolExists.c:(.text+0x1b): undefined reference to `pthread_create'
collect2: error: ld returned 1 exit status
CMakeFiles/cmTC_4a573.dir/build.make:97: recipe for target 'cmTC_4a573' failed
make[1]: *** [cmTC_4a573] Error 1
make[1]: Leaving directory '/home/liuweijie/elf-respect/llvm/build/CMakeFiles/CMakeTmp'
Makefile:126: recipe for target 'cmTC_4a573/fast' failed
make: *** [cmTC_4a573/fast] Error 2

File /home/liuweijie/elf-respect/llvm/build/CMakeFiles/CMakeTmp/CheckSymbolExists.c:
/* */
#include <pthread.h>

int main(int argc, char** argv)
{
  (void)argv;
#ifndef pthread_create
  return ((int*)(&pthread_create))[argc];
#else
  (void)argc;
  return 0;
#endif
}

Determining if the function pthread_create exists in the pthreads failed with the following output:
Change Dir: /home/liuweijie/elf-respect/llvm/build/CMakeFiles/CMakeTmp

Run Build Command:"/usr/bin/make" "cmTC_f6624/fast"
/usr/bin/make -f CMakeFiles/cmTC_f6624.dir/build.make CMakeFiles/cmTC_f6624.dir/build
make[1]: Entering directory '/home/liuweijie/elf-respect/llvm/build/CMakeFiles/CMakeTmp'
Building C object CMakeFiles/cmTC_f6624.dir/CheckFunctionExists.c.o
/usr/bin/cc   -DCHECK_FUNCTION_EXISTS=pthread_create   -o CMakeFiles/cmTC_f6624.dir/CheckFunctionExists.c.o   -c /usr/share/cmake-3.10/Modules/CheckFunctionExists.c
Linking C executable cmTC_f6624
/usr/bin/cmake -E cmake_link_script CMakeFiles/cmTC_f6624.dir/link.txt --verbose=1
/usr/bin/cc  -DCHECK_FUNCTION_EXISTS=pthread_create    CMakeFiles/cmTC_f6624.dir/CheckFunctionExists.c.o  -o cmTC_f6624 -lpthreads -lm 
/usr/bin/ld: cannot find -lpthreads
collect2: error: ld returned 1 exit status
CMakeFiles/cmTC_f6624.dir/build.make:97: recipe for target 'cmTC_f6624' failed
make[1]: *** [cmTC_f6624] Error 1
make[1]: Leaving directory '/home/liuweijie/elf-respect/llvm/build/CMakeFiles/CMakeTmp'
Makefile:126: recipe for target 'cmTC_f6624/fast' failed
make: *** [cmTC_f6624/fast] Error 2


Determining if the function xar_open exists in the xar failed with the following output:
Change Dir: /home/liuweijie/elf-respect/llvm/build/CMakeFiles/CMakeTmp

Run Build Command:"/usr/bin/make" "cmTC_93d2b/fast"
/usr/bin/make -f CMakeFiles/cmTC_93d2b.dir/build.make CMakeFiles/cmTC_93d2b.dir/build
make[1]: Entering directory '/home/liuweijie/elf-respect/llvm/build/CMakeFiles/CMakeTmp'
Building C object CMakeFiles/cmTC_93d2b.dir/CheckFunctionExists.c.o
/usr/bin/cc   -DCHECK_FUNCTION_EXISTS=xar_open   -o CMakeFiles/cmTC_93d2b.dir/CheckFunctionExists.c.o   -c /usr/share/cmake-3.10/Modules/CheckFunctionExists.c
Linking C executable cmTC_93d2b
/usr/bin/cmake -E cmake_link_script CMakeFiles/cmTC_93d2b.dir/link.txt --verbose=1
/usr/bin/cc  -DCHECK_FUNCTION_EXISTS=xar_open    CMakeFiles/cmTC_93d2b.dir/CheckFunctionExists.c.o  -o cmTC_93d2b -lxar -lm 
/usr/bin/ld: cannot find -lxar
collect2: error: ld returned 1 exit status
CMakeFiles/cmTC_93d2b.dir/build.make:97: recipe for target 'cmTC_93d2b' failed
make[1]: *** [cmTC_93d2b] Error 1
make[1]: Leaving directory '/home/liuweijie/elf-respect/llvm/build/CMakeFiles/CMakeTmp'
Makefile:126: recipe for target 'cmTC_93d2b/fast' failed
make: *** [cmTC_93d2b/fast] Error 2


Determining if the arc4random exist failed with the following output:
Change Dir: /home/liuweijie/elf-respect/llvm/build/CMakeFiles/CMakeTmp

Run Build Command:"/usr/bin/make" "cmTC_b9f15/fast"
/usr/bin/make -f CMakeFiles/cmTC_b9f15.dir/build.make CMakeFiles/cmTC_b9f15.dir/build
make[1]: Entering directory '/home/liuweijie/elf-respect/llvm/build/CMakeFiles/CMakeTmp'
Building C object CMakeFiles/cmTC_b9f15.dir/CheckSymbolExists.c.o
/usr/bin/cc    -o CMakeFiles/cmTC_b9f15.dir/CheckSymbolExists.c.o   -c /home/liuweijie/elf-respect/llvm/build/CMakeFiles/CMakeTmp/CheckSymbolExists.c
/home/liuweijie/elf-respect/llvm/build/CMakeFiles/CMakeTmp/CheckSymbolExists.c: In function ‘main’:
/home/liuweijie/elf-respect/llvm/build/CMakeFiles/CMakeTmp/CheckSymbolExists.c:8:19: error: ‘arc4random’ undeclared (first use in this function); did you mean ‘srandom’?
   return ((int*)(&arc4random))[argc];
                   ^~~~~~~~~~
                   srandom
/home/liuweijie/elf-respect/llvm/build/CMakeFiles/CMakeTmp/CheckSymbolExists.c:8:19: note: each undeclared identifier is reported only once for each function it appears in
CMakeFiles/cmTC_b9f15.dir/build.make:65: recipe for target 'CMakeFiles/cmTC_b9f15.dir/CheckSymbolExists.c.o' failed
make[1]: *** [CMakeFiles/cmTC_b9f15.dir/CheckSymbolExists.c.o] Error 1
make[1]: Leaving directory '/home/liuweijie/elf-respect/llvm/build/CMakeFiles/CMakeTmp'
Makefile:126: recipe for target 'cmTC_b9f15/fast' failed
make: *** [cmTC_b9f15/fast] Error 2

File /home/liuweijie/elf-respect/llvm/build/CMakeFiles/CMakeTmp/CheckSymbolExists.c:
/* */
#include <stdlib.h>

int main(int argc, char** argv)
{
  (void)argv;
#ifndef arc4random
  return ((int*)(&arc4random))[argc];
#else
  (void)argc;
  return 0;
#endif
}

Determining if the mallctl exist failed with the following output:
Change Dir: /home/liuweijie/elf-respect/llvm/build/CMakeFiles/CMakeTmp

Run Build Command:"/usr/bin/make" "cmTC_75b7d/fast"
/usr/bin/make -f CMakeFiles/cmTC_75b7d.dir/build.make CMakeFiles/cmTC_75b7d.dir/build
make[1]: Entering directory '/home/liuweijie/elf-respect/llvm/build/CMakeFiles/CMakeTmp'
Building C object CMakeFiles/cmTC_75b7d.dir/CheckSymbolExists.c.o
/usr/bin/cc    -o CMakeFiles/cmTC_75b7d.dir/CheckSymbolExists.c.o   -c /home/liuweijie/elf-respect/llvm/build/CMakeFiles/CMakeTmp/CheckSymbolExists.c
/home/liuweijie/elf-respect/llvm/build/CMakeFiles/CMakeTmp/CheckSymbolExists.c:2:10: fatal error: malloc_np.h: No such file or directory
 #include <malloc_np.h>
          ^~~~~~~~~~~~~
compilation terminated.
CMakeFiles/cmTC_75b7d.dir/build.make:65: recipe for target 'CMakeFiles/cmTC_75b7d.dir/CheckSymbolExists.c.o' failed
make[1]: *** [CMakeFiles/cmTC_75b7d.dir/CheckSymbolExists.c.o] Error 1
make[1]: Leaving directory '/home/liuweijie/elf-respect/llvm/build/CMakeFiles/CMakeTmp'
Makefile:126: recipe for target 'cmTC_75b7d/fast' failed
make: *** [cmTC_75b7d/fast] Error 2

File /home/liuweijie/elf-respect/llvm/build/CMakeFiles/CMakeTmp/CheckSymbolExists.c:
/* */
#include <malloc_np.h>

int main(int argc, char** argv)
{
  (void)argv;
#ifndef mallctl
  return ((int*)(&mallctl))[argc];
#else
  (void)argc;
  return 0;
#endif
}

Determining if the malloc_zone_statistics exist failed with the following output:
Change Dir: /home/liuweijie/elf-respect/llvm/build/CMakeFiles/CMakeTmp

Run Build Command:"/usr/bin/make" "cmTC_9d818/fast"
/usr/bin/make -f CMakeFiles/cmTC_9d818.dir/build.make CMakeFiles/cmTC_9d818.dir/build
make[1]: Entering directory '/home/liuweijie/elf-respect/llvm/build/CMakeFiles/CMakeTmp'
Building C object CMakeFiles/cmTC_9d818.dir/CheckSymbolExists.c.o
/usr/bin/cc    -o CMakeFiles/cmTC_9d818.dir/CheckSymbolExists.c.o   -c /home/liuweijie/elf-respect/llvm/build/CMakeFiles/CMakeTmp/CheckSymbolExists.c
/home/liuweijie/elf-respect/llvm/build/CMakeFiles/CMakeTmp/CheckSymbolExists.c:2:10: fatal error: malloc/malloc.h: No such file or directory
 #include <malloc/malloc.h>
          ^~~~~~~~~~~~~~~~~
compilation terminated.
CMakeFiles/cmTC_9d818.dir/build.make:65: recipe for target 'CMakeFiles/cmTC_9d818.dir/CheckSymbolExists.c.o' failed
make[1]: *** [CMakeFiles/cmTC_9d818.dir/CheckSymbolExists.c.o] Error 1
make[1]: Leaving directory '/home/liuweijie/elf-respect/llvm/build/CMakeFiles/CMakeTmp'
Makefile:126: recipe for target 'cmTC_9d818/fast' failed
make: *** [cmTC_9d818/fast] Error 2

File /home/liuweijie/elf-respect/llvm/build/CMakeFiles/CMakeTmp/CheckSymbolExists.c:
/* */
#include <malloc/malloc.h>

int main(int argc, char** argv)
{
  (void)argv;
#ifndef malloc_zone_statistics
  return ((int*)(&malloc_zone_statistics))[argc];
#else
  (void)argc;
  return 0;
#endif
}

Determining if the strerror_s exist failed with the following output:
Change Dir: /home/liuweijie/elf-respect/llvm/build/CMakeFiles/CMakeTmp

Run Build Command:"/usr/bin/make" "cmTC_0435c/fast"
/usr/bin/make -f CMakeFiles/cmTC_0435c.dir/build.make CMakeFiles/cmTC_0435c.dir/build
make[1]: Entering directory '/home/liuweijie/elf-respect/llvm/build/CMakeFiles/CMakeTmp'
Building C object CMakeFiles/cmTC_0435c.dir/CheckSymbolExists.c.o
/usr/bin/cc    -o CMakeFiles/cmTC_0435c.dir/CheckSymbolExists.c.o   -c /home/liuweijie/elf-respect/llvm/build/CMakeFiles/CMakeTmp/CheckSymbolExists.c
/home/liuweijie/elf-respect/llvm/build/CMakeFiles/CMakeTmp/CheckSymbolExists.c: In function ‘main’:
/home/liuweijie/elf-respect/llvm/build/CMakeFiles/CMakeTmp/CheckSymbolExists.c:8:19: error: ‘strerror_s’ undeclared (first use in this function); did you mean ‘strerror_l’?
   return ((int*)(&strerror_s))[argc];
                   ^~~~~~~~~~
                   strerror_l
/home/liuweijie/elf-respect/llvm/build/CMakeFiles/CMakeTmp/CheckSymbolExists.c:8:19: note: each undeclared identifier is reported only once for each function it appears in
CMakeFiles/cmTC_0435c.dir/build.make:65: recipe for target 'CMakeFiles/cmTC_0435c.dir/CheckSymbolExists.c.o' failed
make[1]: *** [CMakeFiles/cmTC_0435c.dir/CheckSymbolExists.c.o] Error 1
make[1]: Leaving directory '/home/liuweijie/elf-respect/llvm/build/CMakeFiles/CMakeTmp'
Makefile:126: recipe for target 'cmTC_0435c/fast' failed
make: *** [cmTC_0435c/fast] Error 2

File /home/liuweijie/elf-respect/llvm/build/CMakeFiles/CMakeTmp/CheckSymbolExists.c:
/* */
#include <string.h>

int main(int argc, char** argv)
{
  (void)argv;
#ifndef strerror_s
  return ((int*)(&strerror_s))[argc];
#else
  (void)argc;
  return 0;
#endif
}

Performing C++ SOURCE FILE Test SUPPORTS_GNU_ZERO_VARIADIC_MACRO_ARGUMENTS_FLAG failed with the following output:
Change Dir: /home/liuweijie/elf-respect/llvm/build/CMakeFiles/CMakeTmp

Run Build Command:"/usr/bin/make" "cmTC_de092/fast"
/usr/bin/make -f CMakeFiles/cmTC_de092.dir/build.make CMakeFiles/cmTC_de092.dir/build
make[1]: Entering directory '/home/liuweijie/elf-respect/llvm/build/CMakeFiles/CMakeTmp'
Building CXX object CMakeFiles/cmTC_de092.dir/src.cxx.o
/usr/bin/c++    -DSUPPORTS_GNU_ZERO_VARIADIC_MACRO_ARGUMENTS_FLAG   -Wgnu-zero-variadic-macro-arguments -o CMakeFiles/cmTC_de092.dir/src.cxx.o -c /home/liuweijie/elf-respect/llvm/build/CMakeFiles/CMakeTmp/src.cxx
c++: error: unrecognized command line option '-Wgnu-zero-variadic-macro-arguments'; did you mean '-Wno-variadic-macros'?
CMakeFiles/cmTC_de092.dir/build.make:65: recipe for target 'CMakeFiles/cmTC_de092.dir/src.cxx.o' failed
make[1]: *** [CMakeFiles/cmTC_de092.dir/src.cxx.o] Error 1
make[1]: Leaving directory '/home/liuweijie/elf-respect/llvm/build/CMakeFiles/CMakeTmp'
Makefile:126: recipe for target 'cmTC_de092/fast' failed
make: *** [cmTC_de092/fast] Error 2

Source file was:
int main() { return 0; }
Performing C SOURCE FILE Test C_SUPPORTS_COVERED_SWITCH_DEFAULT_FLAG failed with the following output:
Change Dir: /home/liuweijie/elf-respect/llvm/build/CMakeFiles/CMakeTmp

Run Build Command:"/usr/bin/make" "cmTC_c430a/fast"
/usr/bin/make -f CMakeFiles/cmTC_c430a.dir/build.make CMakeFiles/cmTC_c430a.dir/build
make[1]: Entering directory '/home/liuweijie/elf-respect/llvm/build/CMakeFiles/CMakeTmp'
Building C object CMakeFiles/cmTC_c430a.dir/src.c.o
/usr/bin/cc   -fPIC -Wall -W -Wno-unused-parameter -Wwrite-strings -Wno-missing-field-initializers -pedantic -Wno-long-long -DC_SUPPORTS_COVERED_SWITCH_DEFAULT_FLAG   -Werror -Wcovered-switch-default -o CMakeFiles/cmTC_c430a.dir/src.c.o   -c /home/liuweijie/elf-respect/llvm/build/CMakeFiles/CMakeTmp/src.c
cc: error: unrecognized command line option '-Wcovered-switch-default'; did you mean '-Wno-switch-default'?
CMakeFiles/cmTC_c430a.dir/build.make:65: recipe for target 'CMakeFiles/cmTC_c430a.dir/src.c.o' failed
make[1]: *** [CMakeFiles/cmTC_c430a.dir/src.c.o] Error 1
make[1]: Leaving directory '/home/liuweijie/elf-respect/llvm/build/CMakeFiles/CMakeTmp'
Makefile:126: recipe for target 'cmTC_c430a/fast' failed
make: *** [cmTC_c430a/fast] Error 2

Source file was:
int main(void) { return 0; }
Performing C++ SOURCE FILE Test CXX_SUPPORTS_COVERED_SWITCH_DEFAULT_FLAG failed with the following output:
Change Dir: /home/liuweijie/elf-respect/llvm/build/CMakeFiles/CMakeTmp

Run Build Command:"/usr/bin/make" "cmTC_c3ab4/fast"
/usr/bin/make -f CMakeFiles/cmTC_c3ab4.dir/build.make CMakeFiles/cmTC_c3ab4.dir/build
make[1]: Entering directory '/home/liuweijie/elf-respect/llvm/build/CMakeFiles/CMakeTmp'
Building CXX object CMakeFiles/cmTC_c3ab4.dir/src.cxx.o
/usr/bin/c++    -fPIC -fvisibility-inlines-hidden -Wall -W -Wno-unused-parameter -Wwrite-strings -Wcast-qual -Wno-missing-field-initializers -pedantic -Wno-long-long -DCXX_SUPPORTS_COVERED_SWITCH_DEFAULT_FLAG   -Werror -Wcovered-switch-default -o CMakeFiles/cmTC_c3ab4.dir/src.cxx.o -c /home/liuweijie/elf-respect/llvm/build/CMakeFiles/CMakeTmp/src.cxx
c++: error: unrecognized command line option '-Wcovered-switch-default'; did you mean '-Wno-switch-default'?
CMakeFiles/cmTC_c3ab4.dir/build.make:65: recipe for target 'CMakeFiles/cmTC_c3ab4.dir/src.cxx.o' failed
make[1]: *** [CMakeFiles/cmTC_c3ab4.dir/src.cxx.o] Error 1
make[1]: Leaving directory '/home/liuweijie/elf-respect/llvm/build/CMakeFiles/CMakeTmp'
Makefile:126: recipe for target 'cmTC_c3ab4/fast' failed
make: *** [cmTC_c3ab4/fast] Error 2

Source file was:
int main() { return 0; }
Performing C SOURCE FILE Test C_SUPPORTS_DELETE_NON_VIRTUAL_DTOR_FLAG failed with the following output:
Change Dir: /home/liuweijie/elf-respect/llvm/build/CMakeFiles/CMakeTmp

Run Build Command:"/usr/bin/make" "cmTC_422ed/fast"
/usr/bin/make -f CMakeFiles/cmTC_422ed.dir/build.make CMakeFiles/cmTC_422ed.dir/build
make[1]: Entering directory '/home/liuweijie/elf-respect/llvm/build/CMakeFiles/CMakeTmp'
Building C object CMakeFiles/cmTC_422ed.dir/src.c.o
/usr/bin/cc   -fPIC -Wall -W -Wno-unused-parameter -Wwrite-strings -Wno-missing-field-initializers -pedantic -Wno-long-long -DC_SUPPORTS_DELETE_NON_VIRTUAL_DTOR_FLAG   -Werror -Wdelete-non-virtual-dtor -o CMakeFiles/cmTC_422ed.dir/src.c.o   -c /home/liuweijie/elf-respect/llvm/build/CMakeFiles/CMakeTmp/src.c
cc1: error: command line option '-Wdelete-non-virtual-dtor' is valid for C++/ObjC++ but not for C [-Werror]
cc1: all warnings being treated as errors
CMakeFiles/cmTC_422ed.dir/build.make:65: recipe for target 'CMakeFiles/cmTC_422ed.dir/src.c.o' failed
make[1]: *** [CMakeFiles/cmTC_422ed.dir/src.c.o] Error 1
make[1]: Leaving directory '/home/liuweijie/elf-respect/llvm/build/CMakeFiles/CMakeTmp'
Makefile:126: recipe for target 'cmTC_422ed/fast' failed
make: *** [cmTC_422ed/fast] Error 2

Source file was:
int main(void) { return 0; }
Performing C SOURCE FILE Test C_WCOMMENT_ALLOWS_LINE_WRAP failed with the following output:
Change Dir: /home/liuweijie/elf-respect/llvm/build/CMakeFiles/CMakeTmp

Run Build Command:"/usr/bin/make" "cmTC_0cebd/fast"
/usr/bin/make -f CMakeFiles/cmTC_0cebd.dir/build.make CMakeFiles/cmTC_0cebd.dir/build
make[1]: Entering directory '/home/liuweijie/elf-respect/llvm/build/CMakeFiles/CMakeTmp'
Building C object CMakeFiles/cmTC_0cebd.dir/src.c.o
/usr/bin/cc   -fPIC -Wall -W -Wno-unused-parameter -Wwrite-strings -Wno-missing-field-initializers -pedantic -Wno-long-long -DC_WCOMMENT_ALLOWS_LINE_WRAP  -Werror -Wcomment   -o CMakeFiles/cmTC_0cebd.dir/src.c.o   -c /home/liuweijie/elf-respect/llvm/build/CMakeFiles/CMakeTmp/src.c
/home/liuweijie/elf-respect/llvm/build/CMakeFiles/CMakeTmp/src.c:1:1: error: multi-line comment [-Werror=comment]
 // \
 ^
cc1: all warnings being treated as errors
CMakeFiles/cmTC_0cebd.dir/build.make:65: recipe for target 'CMakeFiles/cmTC_0cebd.dir/src.c.o' failed
make[1]: *** [CMakeFiles/cmTC_0cebd.dir/src.c.o] Error 1
make[1]: Leaving directory '/home/liuweijie/elf-respect/llvm/build/CMakeFiles/CMakeTmp'
Makefile:126: recipe for target 'cmTC_0cebd/fast' failed
make: *** [cmTC_0cebd/fast] Error 2

Source file was:
// \
//
int main() {return 0;}
Performing C SOURCE FILE Test C_SUPPORTS_STRING_CONVERSION_FLAG failed with the following output:
Change Dir: /home/liuweijie/elf-respect/llvm/build/CMakeFiles/CMakeTmp

Run Build Command:"/usr/bin/make" "cmTC_29a78/fast"
/usr/bin/make -f CMakeFiles/cmTC_29a78.dir/build.make CMakeFiles/cmTC_29a78.dir/build
make[1]: Entering directory '/home/liuweijie/elf-respect/llvm/build/CMakeFiles/CMakeTmp'
Building C object CMakeFiles/cmTC_29a78.dir/src.c.o
/usr/bin/cc   -fPIC -Wall -W -Wno-unused-parameter -Wwrite-strings -Wno-missing-field-initializers -pedantic -Wno-long-long -Wno-comment -DC_SUPPORTS_STRING_CONVERSION_FLAG   -Werror -Wstring-conversion -o CMakeFiles/cmTC_29a78.dir/src.c.o   -c /home/liuweijie/elf-respect/llvm/build/CMakeFiles/CMakeTmp/src.c
cc: error: unrecognized command line option '-Wstring-conversion'; did you mean '-Wint-conversion'?
CMakeFiles/cmTC_29a78.dir/build.make:65: recipe for target 'CMakeFiles/cmTC_29a78.dir/src.c.o' failed
make[1]: *** [CMakeFiles/cmTC_29a78.dir/src.c.o] Error 1
make[1]: Leaving directory '/home/liuweijie/elf-respect/llvm/build/CMakeFiles/CMakeTmp'
Makefile:126: recipe for target 'cmTC_29a78/fast' failed
make: *** [cmTC_29a78/fast] Error 2

Source file was:
int main(void) { return 0; }
Performing C++ SOURCE FILE Test CXX_SUPPORTS_STRING_CONVERSION_FLAG failed with the following output:
Change Dir: /home/liuweijie/elf-respect/llvm/build/CMakeFiles/CMakeTmp

Run Build Command:"/usr/bin/make" "cmTC_86ab7/fast"
/usr/bin/make -f CMakeFiles/cmTC_86ab7.dir/build.make CMakeFiles/cmTC_86ab7.dir/build
make[1]: Entering directory '/home/liuweijie/elf-respect/llvm/build/CMakeFiles/CMakeTmp'
Building CXX object CMakeFiles/cmTC_86ab7.dir/src.cxx.o
/usr/bin/c++    -fPIC -fvisibility-inlines-hidden -Wall -W -Wno-unused-parameter -Wwrite-strings -Wcast-qual -Wno-missing-field-initializers -pedantic -Wno-long-long -Wno-maybe-uninitialized -Wdelete-non-virtual-dtor -Wno-comment -DCXX_SUPPORTS_STRING_CONVERSION_FLAG   -Werror -Wstring-conversion -o CMakeFiles/cmTC_86ab7.dir/src.cxx.o -c /home/liuweijie/elf-respect/llvm/build/CMakeFiles/CMakeTmp/src.cxx
c++: error: unrecognized command line option '-Wstring-conversion'; did you mean '-Wint-conversion'?
CMakeFiles/cmTC_86ab7.dir/build.make:65: recipe for target 'CMakeFiles/cmTC_86ab7.dir/src.cxx.o' failed
make[1]: *** [CMakeFiles/cmTC_86ab7.dir/src.cxx.o] Error 1
make[1]: Leaving directory '/home/liuweijie/elf-respect/llvm/build/CMakeFiles/CMakeTmp'
Makefile:126: recipe for target 'cmTC_86ab7/fast' failed
make: *** [cmTC_86ab7/fast] Error 2

Source file was:
int main() { return 0; }
Performing C++ SOURCE FILE Test CXX_SUPPORTS_NO_NESTED_ANON_TYPES_FLAG failed with the following output:
Change Dir: /home/liuweijie/elf-respect/llvm/build/CMakeFiles/CMakeTmp

Run Build Command:"/usr/bin/make" "cmTC_907bb/fast"
/usr/bin/make -f CMakeFiles/cmTC_907bb.dir/build.make CMakeFiles/cmTC_907bb.dir/build
make[1]: Entering directory '/home/liuweijie/elf-respect/llvm/build/CMakeFiles/CMakeTmp'
Building CXX object CMakeFiles/cmTC_907bb.dir/src.cxx.o
/usr/bin/c++    -fPIC -fvisibility-inlines-hidden -Wall -W -Wno-unused-parameter -Wwrite-strings -Wcast-qual -Wno-missing-field-initializers -pedantic -Wno-long-long -Wno-maybe-uninitialized -Wdelete-non-virtual-dtor -Wno-comment -Werror=date-time -std=c++11 -fno-common -Woverloaded-virtual -fno-strict-aliasing -DCXX_SUPPORTS_NO_NESTED_ANON_TYPES_FLAG   -Werror -Wnested-anon-types -o CMakeFiles/cmTC_907bb.dir/src.cxx.o -c /home/liuweijie/elf-respect/llvm/build/CMakeFiles/CMakeTmp/src.cxx
c++: error: unrecognized command line option '-Wnested-anon-types'; did you mean '-Wnested-externs'?
CMakeFiles/cmTC_907bb.dir/build.make:65: recipe for target 'CMakeFiles/cmTC_907bb.dir/src.cxx.o' failed
make[1]: *** [CMakeFiles/cmTC_907bb.dir/src.cxx.o] Error 1
make[1]: Leaving directory '/home/liuweijie/elf-respect/llvm/build/CMakeFiles/CMakeTmp'
Makefile:126: recipe for target 'cmTC_907bb/fast' failed
make: *** [cmTC_907bb/fast] Error 2

Source file was:
int main() { return 0; }
